
> SoloSuccess-ai-platform@0.1.0 typecheck
> cross-env NODE_OPTIONS='--max-old-space-size=4096' tsc --noEmit

app/api/intelligence/analyze/route.ts(112,33): error TS2339: Property 'analysis' does not exist on type '{ primaryResponse: AgentResponse; collaborationResponses: AgentResponse[]; workflow?: AgentWorkflow | undefined; }'.
app/api/intelligence/analyze/route.ts(125,37): error TS2339: Property 'content' does not exist on type '{ primaryResponse: AgentResponse; collaborationResponses: AgentResponse[]; workflow?: AgentWorkflow | undefined; }'.
app/api/intelligence/analyze/route.ts(126,36): error TS2339: Property 'confidence' does not exist on type '{ primaryResponse: AgentResponse; collaborationResponses: AgentResponse[]; workflow?: AgentWorkflow | undefined; }'.
app/api/intelligence/analyze/route.ts(132,37): error TS2339: Property 'suggestedActions' does not exist on type '{ primaryResponse: AgentResponse; collaborationResponses: AgentResponse[]; workflow?: AgentWorkflow | undefined; }'.
app/api/intelligence/analyze/route.ts(132,59): error TS7006: Parameter 'action' implicitly has an 'any' type.
app/api/intelligence/analyze/route.ts(132,67): error TS7006: Parameter 'index' implicitly has an 'any' type.
app/api/intelligence/analyze/route.ts(143,32): error TS2339: Property 'confidence' does not exist on type '{ primaryResponse: AgentResponse; collaborationResponses: AgentResponse[]; workflow?: AgentWorkflow | undefined; }'.
app/api/intelligence/analyze/route.ts(153,42): error TS7006: Parameter 'insight' implicitly has an 'any' type.
app/api/intelligence/analyze/route.ts(153,51): error TS7006: Parameter 'index' implicitly has an 'any' type.
app/api/intelligence/analyze/route.ts(158,54): error TS2339: Property 'confidence' does not exist on type '{ primaryResponse: AgentResponse; collaborationResponses: AgentResponse[]; workflow?: AgentWorkflow | undefined; }'.
app/api/intelligence/analyze/route.ts(163,56): error TS7006: Parameter 'recommendation' implicitly has an 'any' type.
app/api/intelligence/analyze/route.ts(163,72): error TS7006: Parameter 'index' implicitly has an 'any' type.
app/api/intelligence/analyze/route.ts(178,30): error TS2339: Property 'confidence' does not exist on type '{ primaryResponse: AgentResponse; collaborationResponses: AgentResponse[]; workflow?: AgentWorkflow | undefined; }'.
app/api/learning/route.ts(24,47): error TS2345: Argument of type 'unknown' is not assignable to parameter of type 'string'.
app/api/learning/route.ts(66,47): error TS2345: Argument of type 'unknown' is not assignable to parameter of type 'string'.
app/api/notifications/jobs/route.ts(150,24): error TS2304: Cannot find name 'flags'.
app/api/notifications/jobs/route.ts(151,77): error TS2304: Cannot find name 'flags'.
app/api/notifications/preferences/route.ts(109,67): error TS2554: Expected 1-2 arguments, but got 3.
app/api/notifications/send/route.ts(207,47): error TS2339: Property 'rows' does not exist on type 'Record<string, any>[]'.
app/api/notifications/subscribe/route.ts(119,30): error TS2339: Property 'rows' does not exist on type 'Record<string, any>[]'.
app/api/notifications/subscribe/route.ts(120,25): error TS2339: Property 'rows' does not exist on type 'Record<string, any>[]'.
app/api/notifications/unsubscribe/route.ts(62,16): error TS2339: Property 'rows' does not exist on type 'Record<string, any>[]'.
app/api/notifications/unsubscribe/route.ts(84,30): error TS2339: Property 'rows' does not exist on type 'Record<string, any>[]'.
app/api/notifications/unsubscribe/route.ts(117,33): error TS2339: Property 'rows' does not exist on type 'Record<string, any>[]'.
app/api/preferences/route.ts(31,5): error TS2322: Type '{} | null' is not assignable to type 'string | null'.
  Type '{}' is not assignable to type 'string'.
app/api/profile/route.ts(27,31): error TS2349: This expression is not callable.
  Type '{}' has no call signatures.
app/api/profile/route.ts(127,31): error TS2349: This expression is not callable.
  Type '{}' has no call signatures.
app/api/shared/[shareId]/route.ts(21,41): error TS2304: Cannot find name 'client'.
app/api/shared/[shareId]/route.ts(46,11): error TS2304: Cannot find name 'client'.
app/api/shared/[shareId]/route.ts(53,11): error TS2304: Cannot find name 'client'.
app/api/shared/[shareId]/route.ts(110,41): error TS2304: Cannot find name 'client'.
app/api/stripe/billing-portal/route.ts(33,15): error TS2339: Property 'stripe_customer_id' does not exist on type 'AuthenticatedUser'.
app/api/stripe/billing-portal/route.ts(42,12): error TS2339: Property 'stripe_customer_id' does not exist on type 'AuthenticatedUser'.
app/api/stripe/create-checkout-session/route.ts(65,14): error TS2339: Property 'stripe_customer_id' does not exist on type 'AuthenticatedUser'.
app/api/stripe/create-checkout-session/route.ts(66,25): error TS2339: Property 'stripe_customer_id' does not exist on type 'AuthenticatedUser'.
app/api/stripe/create-checkout-session/route.ts(75,47): error TS2769: No overload matches this call.
  Overload 1 of 2, '(params?: CustomerCreateParams | undefined, options?: RequestOptions | undefined): Promise<Response<Customer>>', gave the following error.
    Type 'string | null' is not assignable to type 'string | undefined'.
      Type 'null' is not assignable to type 'string | undefined'.
  Overload 2 of 2, '(options?: RequestOptions | undefined): Promise<Response<Customer>>', gave the following error.
    Object literal may only specify known properties, and 'email' does not exist in type 'RequestOptions'.
app/api/stripe/webhook/route.ts(70,59): error TS2503: Cannot find namespace 'Stripe'.
app/api/stripe/webhook/route.ts(74,56): error TS2503: Cannot find namespace 'Stripe'.
app/api/stripe/webhook/route.ts(78,58): error TS2503: Cannot find namespace 'Stripe'.
app/api/stripe/webhook/route.ts(82,58): error TS2503: Cannot find namespace 'Stripe'.
app/api/stripe/webhook/route.ts(203,48): error TS2503: Cannot find namespace 'Stripe'.
app/api/stripe/webhook/route.ts(222,45): error TS2503: Cannot find namespace 'Stripe'.
app/api/stripe/webhook/route.ts(243,48): error TS2503: Cannot find namespace 'Stripe'.
app/api/stripe/webhook/route.ts(253,48): error TS2503: Cannot find namespace 'Stripe'.
app/api/surveys/exit-intent/route.ts(31,5): error TS2322: Type '{} | null' is not assignable to type 'string | null'.
  Type '{}' is not assignable to type 'string'.
app/api/tasks/[id]/route.ts(45,42): error TS2304: Cannot find name 'client'.
app/api/tasks/[id]/route.ts(74,28): error TS2304: Cannot find name 'client'.
app/api/tasks/[id]/route.ts(105,32): error TS2304: Cannot find name 'client'.
app/api/tasks/bulk-update/route.ts(55,28): error TS2304: Cannot find name 'client'.
app/api/tasks/intelligence/route.ts(67,11): error TS2304: Cannot find name 'client'.
app/api/tasks/intelligence/route.ts(115,40): error TS2304: Cannot find name 'client'.
app/api/tasks/route-example.ts(93,15): error TS2345: Argument of type '(() => SQL<unknown>) | (() => boolean) | PgColumn<{ name: "id"; tableName: "tasks"; dataType: "number"; columnType: "PgInteger"; data: number; driverParam: string | number; notNull: true; hasDefault: true; ... 6 more ...; generated: undefined; }, {}, {}> | ... 24 more ... | undefined' is not assignable to parameter of type 'SQLWrapper | AnyColumn'.
  Type 'undefined' is not assignable to type 'SQLWrapper | AnyColumn'.
app/api/tasks/route-example.ts(94,16): error TS2345: Argument of type '(() => SQL<unknown>) | (() => boolean) | PgColumn<{ name: "id"; tableName: "tasks"; dataType: "number"; columnType: "PgInteger"; data: number; driverParam: string | number; notNull: true; hasDefault: true; ... 6 more ...; generated: undefined; }, {}, {}> | ... 24 more ... | undefined' is not assignable to parameter of type 'SQLWrapper | AnyColumn'.
  Type 'undefined' is not assignable to type 'SQLWrapper | AnyColumn'.
app/api/tasks/route.ts(63,35): error TS2304: Cannot find name 'client'.
app/api/tasks/route.ts(66,37): error TS7006: Parameter 'task' implicitly has an 'any' type.
app/api/tasks/route.ts(121,28): error TS2304: Cannot find name 'client'.
app/api/templates/[id]/route.ts(41,52): error TS2345: Argument of type 'NeonHttpDatabase<Record<string, unknown>> & { $client: NeonQueryFunction<any, any>; }' is not assignable to parameter of type 'SqlClient'.
  Types of property 'query' are incompatible.
    Type '{}' is not assignable to type '(_text: string, _params?: unknown[] | undefined) => Promise<{ rowCount: number; }>'.
      Type '{}' provides no match for the signature '(_text: string, _params?: unknown[] | undefined): Promise<{ rowCount: number; }>'.
app/api/templates/analytics/route.ts(45,36): error TS2349: This expression is not callable.
  Type '{}' has no call signatures.
app/api/templates/analytics/route.ts(119,39): error TS7006: Parameter 'sum' implicitly has an 'any' type.
app/api/templates/analytics/route.ts(119,44): error TS7006: Parameter 'row' implicitly has an 'any' type.
app/api/templates/analytics/route.ts(120,28): error TS7006: Parameter 'row' implicitly has an 'any' type.
app/api/templates/analytics/route.ts(142,39): error TS7006: Parameter 'sum' implicitly has an 'any' type.
app/api/templates/analytics/route.ts(142,44): error TS7006: Parameter 'row' implicitly has an 'any' type.
app/api/templates/analytics/route.ts(143,28): error TS7006: Parameter 'row' implicitly has an 'any' type.
app/api/templates/analytics/route.ts(167,28): error TS7006: Parameter 'row' implicitly has an 'any' type.
app/api/templates/analytics/route.ts(221,53): error TS7006: Parameter 'row' implicitly has an 'any' type.
app/api/templates/generate/route.ts(41,3): error TS1117: An object literal cannot have multiple properties with the same name.
app/api/templates/generate/route.ts(342,14): error TS7053: Element implicitly has an 'any' type because expression of type 'any' can't be used to index type '{ 'sales-script': { script: string; reasoning: string; platform: any; effectiveness_score: number; }[]; 'viral-hook': { hook: string; reasoning: string; platform: any; engagement_score: number; }[]; 'offer-naming': { ...; }[]; }'.
app/api/test-ai/route.ts(48,63): error TS2339: Property 'confidence' does not exist on type '{ primaryResponse: AgentResponse; collaborationResponses: AgentResponse[]; workflow?: AgentWorkflow | undefined; }'.
app/api/test-ai/route.ts(53,28): error TS2339: Property 'confidence' does not exist on type '{ primaryResponse: AgentResponse; collaborationResponses: AgentResponse[]; workflow?: AgentWorkflow | undefined; }'.
app/api/test-ai/route.ts(54,27): error TS2339: Property 'reasoning' does not exist on type '{ primaryResponse: AgentResponse; collaborationResponses: AgentResponse[]; workflow?: AgentWorkflow | undefined; }'.
app/api/test-ai/route.ts(55,26): error TS2339: Property 'content' does not exist on type '{ primaryResponse: AgentResponse; collaborationResponses: AgentResponse[]; workflow?: AgentWorkflow | undefined; }'.
app/api/test-ai/route.ts(56,34): error TS2339: Property 'suggestedActions' does not exist on type '{ primaryResponse: AgentResponse; collaborationResponses: AgentResponse[]; workflow?: AgentWorkflow | undefined; }'.
app/api/unified-briefcase/route.ts(57,7): error TS2345: Argument of type 'unknown' is not assignable to parameter of type 'string'.
app/api/unified-briefcase/route.ts(115,11): error TS2345: Argument of type 'unknown' is not assignable to parameter of type 'string'.
app/api/unified-briefcase/route.ts(129,53): error TS2345: Argument of type 'unknown' is not assignable to parameter of type 'string'.
app/api/unified-briefcase/route.ts(140,11): error TS2345: Argument of type 'unknown' is not assignable to parameter of type 'string'.
app/api/unified-briefcase/route.ts(203,55): error TS2345: Argument of type 'unknown' is not assignable to parameter of type 'string'.
app/api/workflow-templates/route.ts(76,39): error TS2556: A spread argument must either have a tuple type or be passed to a rest parameter.
app/api/workflow-templates/route.ts(85,39): error TS2556: A spread argument must either have a tuple type or be passed to a rest parameter.
app/api/workflows/route.ts(103,32): error TS7006: Parameter 'w' implicitly has an 'any' type.
app/auth/2fa/page.tsx(28,61): error TS2339: Property 'twoFactor' does not exist on type '{ signIn: (email: string, password: string) => Promise<AuthResponse>; signUp: (email: string, password: string, metadata?: { full_name?: string | undefined; username?: string | undefined; date_of_birth?: string | undefined; } | undefined) => Promise<...>; signOut: () => Promise<...>; getSession: () => Promise<...>; ...'.
app/auth/2fa/page.tsx(52,24): error TS2339: Property 'twoFactor' does not exist on type '{ signIn: (email: string, password: string) => Promise<AuthResponse>; signUp: (email: string, password: string, metadata?: { full_name?: string | undefined; username?: string | undefined; date_of_birth?: string | undefined; } | undefined) => Promise<...>; signOut: () => Promise<...>; getSession: () => Promise<...>; ...'.
app/auth/device-approval/page.tsx(94,62): error TS2339: Property 'multiSession' does not exist on type '{ signIn: (email: string, password: string) => Promise<AuthResponse>; signUp: (email: string, password: string, metadata?: { full_name?: string | undefined; username?: string | undefined; date_of_birth?: string | undefined; } | undefined) => Promise<...>; signOut: () => Promise<...>; getSession: () => Promise<...>; ...'.
app/auth/sessions/page.tsx(45,63): error TS2339: Property 'multiSession' does not exist on type '{ signIn: (email: string, password: string) => Promise<AuthResponse>; signUp: (email: string, password: string, metadata?: { full_name?: string | undefined; username?: string | undefined; date_of_birth?: string | undefined; } | undefined) => Promise<...>; signOut: () => Promise<...>; getSession: () => Promise<...>; ...'.
app/auth/sessions/page.tsx(64,55): error TS2339: Property 'multiSession' does not exist on type '{ signIn: (email: string, password: string) => Promise<AuthResponse>; signUp: (email: string, password: string, metadata?: { full_name?: string | undefined; username?: string | undefined; date_of_birth?: string | undefined; } | undefined) => Promise<...>; signOut: () => Promise<...>; getSession: () => Promise<...>; ...'.
app/auth/sessions/page.tsx(82,55): error TS2339: Property 'multiSession' does not exist on type '{ signIn: (email: string, password: string) => Promise<AuthResponse>; signUp: (email: string, password: string, metadata?: { full_name?: string | undefined; username?: string | undefined; date_of_birth?: string | undefined; } | undefined) => Promise<...>; signOut: () => Promise<...>; getSession: () => Promise<...>; ...'.
app/blog/page.tsx(380,19): error TS2322: Type '"outline" | "default"' is not assignable to type '"outline" | "primary" | "secondary" | "ghost" | "danger" | undefined'.
  Type '"default"' is not assignable to type '"outline" | "primary" | "secondary" | "ghost" | "danger" | undefined'.
app/dashboard/billing/page.tsx(357,27): error TS2322: Type '"outline" | "default"' is not assignable to type '"outline" | "primary" | "secondary" | "ghost" | "danger" | undefined'.
  Type '"default"' is not assignable to type '"outline" | "primary" | "secondary" | "ghost" | "danger" | undefined'.
app/dashboard/competitors/page.tsx(130,38): error TS2339: Property 'funding_amount' does not exist on type 'Competitor'.
app/dashboard/competitors/page.tsx(159,38): error TS2339: Property 'funding_amount' does not exist on type 'Competitor'.
app/dashboard/learning/page.tsx(329,35): error TS2322: Type 'Dispatch<SetStateAction<"progress" | "recommendations" | "analytics" | "achievements" | "overview" | "skill-gaps">>' is not assignable to type '(value: string) => void'.
  Types of parameters 'value' and 'value' are incompatible.
    Type 'string' is not assignable to type 'SetStateAction<"progress" | "recommendations" | "analytics" | "achievements" | "overview" | "skill-gaps">'.
app/dashboard/learning/page.tsx(567,65): error TS2322: Type '{ value: number; className: string; indicatorClassName: string; }' is not assignable to type 'IntrinsicAttributes & Omit<ProgressProps & RefAttributes<HTMLDivElement>, "ref"> & RefAttributes<HTMLDivElement>'.
  Property 'indicatorClassName' does not exist on type 'IntrinsicAttributes & Omit<ProgressProps & RefAttributes<HTMLDivElement>, "ref"> & RefAttributes<HTMLDivElement>'.
app/dashboard/learning/page.tsx(647,72): error TS2322: Type '{ value: number; className: string; indicatorClassName: string; }' is not assignable to type 'IntrinsicAttributes & Omit<ProgressProps & RefAttributes<HTMLDivElement>, "ref"> & RefAttributes<HTMLDivElement>'.
  Property 'indicatorClassName' does not exist on type 'IntrinsicAttributes & Omit<ProgressProps & RefAttributes<HTMLDivElement>, "ref"> & RefAttributes<HTMLDivElement>'.
app/dashboard/learning/page.tsx(715,78): error TS2322: Type '{ value: number; className: string; indicatorClassName: string; }' is not assignable to type 'IntrinsicAttributes & Omit<ProgressProps & RefAttributes<HTMLDivElement>, "ref"> & RefAttributes<HTMLDivElement>'.
  Property 'indicatorClassName' does not exist on type 'IntrinsicAttributes & Omit<ProgressProps & RefAttributes<HTMLDivElement>, "ref"> & RefAttributes<HTMLDivElement>'.
app/dashboard/learning/page.tsx(775,78): error TS2322: Type '{ value: number; className: string; indicatorClassName: string; }' is not assignable to type 'IntrinsicAttributes & Omit<ProgressProps & RefAttributes<HTMLDivElement>, "ref"> & RefAttributes<HTMLDivElement>'.
  Property 'indicatorClassName' does not exist on type 'IntrinsicAttributes & Omit<ProgressProps & RefAttributes<HTMLDivElement>, "ref"> & RefAttributes<HTMLDivElement>'.
app/dashboard/learning/page.tsx(840,64): error TS2322: Type '{ value: number; className: string; indicatorClassName: string; }' is not assignable to type 'IntrinsicAttributes & Omit<ProgressProps & RefAttributes<HTMLDivElement>, "ref"> & RefAttributes<HTMLDivElement>'.
  Property 'indicatorClassName' does not exist on type 'IntrinsicAttributes & Omit<ProgressProps & RefAttributes<HTMLDivElement>, "ref"> & RefAttributes<HTMLDivElement>'.
app/dashboard/learning/page.tsx(935,74): error TS2322: Type '{ value: number; className: string; indicatorClassName: string; }' is not assignable to type 'IntrinsicAttributes & Omit<ProgressProps & RefAttributes<HTMLDivElement>, "ref"> & RefAttributes<HTMLDivElement>'.
  Property 'indicatorClassName' does not exist on type 'IntrinsicAttributes & Omit<ProgressProps & RefAttributes<HTMLDivElement>, "ref"> & RefAttributes<HTMLDivElement>'.
app/dashboard/page.tsx(287,41): error TS2322: Type '"large"' is not assignable to type '"lg" | "sm" | "md" | undefined'.
app/dashboard/page.tsx(297,19): error TS2322: Type '{ children: string; variant: "primary"; className: string; icon: Element; }' is not assignable to type 'IntrinsicAttributes & Omit<TacticalButtonProps, "ref"> & RefAttributes<HTMLButtonElement>'.
  Property 'icon' does not exist on type 'IntrinsicAttributes & Omit<TacticalButtonProps, "ref"> & RefAttributes<HTMLButtonElement>'.
app/dashboard/page.tsx(306,19): error TS2322: Type '{ children: string; variant: "secondary"; className: string; icon: Element; }' is not assignable to type 'IntrinsicAttributes & Omit<TacticalButtonProps, "ref"> & RefAttributes<HTMLButtonElement>'.
  Property 'icon' does not exist on type 'IntrinsicAttributes & Omit<TacticalButtonProps, "ref"> & RefAttributes<HTMLButtonElement>'.
app/dashboard/page.tsx(327,29): error TS2339: Property 'avatar' does not exist on type '{ id: string; email: string; full_name: string | null; avatar_url: string | null; subscription_tier: string; level: number; total_points: number; current_streak: number; wellness_score: number; focus_minutes: number; onboarding_completed: boolean; }'.
app/dashboard/page.tsx(340,11): error TS2322: Type '{ id: string; title: string; description: string | null; status: string; priority: string; due_date: string | null; goal: { id: string; title: string; category: string | null; } | null; }[]' is not assignable to type '{ id: string; title: string; description?: string | undefined; status: string; priority: string; estimated_minutes?: number | undefined; due_date?: string | undefined; }[]'.
  Type '{ id: string; title: string; description: string | null; status: string; priority: string; due_date: string | null; goal: { id: string; title: string; category: string | null; } | null; }' is not assignable to type '{ id: string; title: string; description?: string | undefined; status: string; priority: string; estimated_minutes?: number | undefined; due_date?: string | undefined; }'.
    Types of property 'description' are incompatible.
      Type 'string | null' is not assignable to type 'string | undefined'.
        Type 'null' is not assignable to type 'string | undefined'.
app/dashboard/page.tsx(341,29): error TS2339: Property 'todaysGoals' does not exist on type 'DashboardData'.
app/dashboard/page.tsx(513,29): error TS2322: Type '"error" | "success" | "warning"' is not assignable to type '"default" | "danger" | "info" | "success" | "warning" | undefined'.
  Type '"error"' is not assignable to type '"default" | "danger" | "info" | "success" | "warning" | undefined'.
app/dashboard/page.tsx(531,25): error TS2322: Type '{ children: string; variant: "primary"; size: "sm"; icon: Element; }' is not assignable to type 'IntrinsicAttributes & Omit<TacticalButtonProps, "ref"> & RefAttributes<HTMLButtonElement>'.
  Property 'icon' does not exist on type 'IntrinsicAttributes & Omit<TacticalButtonProps, "ref"> & RefAttributes<HTMLButtonElement>'.
app/dashboard/page.tsx(593,25): error TS2322: Type '{ children: string; variant: "primary"; size: "sm"; icon: Element; }' is not assignable to type 'IntrinsicAttributes & Omit<TacticalButtonProps, "ref"> & RefAttributes<HTMLButtonElement>'.
  Property 'icon' does not exist on type 'IntrinsicAttributes & Omit<TacticalButtonProps, "ref"> & RefAttributes<HTMLButtonElement>'.
app/dashboard/page.tsx(751,27): error TS2322: Type '"secondary" | "info" | "success"' is not assignable to type '"default" | "danger" | "info" | "success" | "warning" | undefined'.
  Type '"secondary"' is not assignable to type '"default" | "danger" | "info" | "success" | "warning" | undefined'.
app/dashboard/page.tsx(771,25): error TS2322: Type '{ children: string; variant: "primary"; size: "sm"; icon: Element; }' is not assignable to type 'IntrinsicAttributes & Omit<TacticalButtonProps, "ref"> & RefAttributes<HTMLButtonElement>'.
  Property 'icon' does not exist on type 'IntrinsicAttributes & Omit<TacticalButtonProps, "ref"> & RefAttributes<HTMLButtonElement>'.
app/dashboard/settings/page.tsx(453,29): error TS2322: Type 'string | boolean' is not assignable to type 'boolean | undefined'.
  Type 'string' is not assignable to type 'boolean | undefined'.
app/dashboard/slaylist/page.tsx(693,9): error TS2322: Type '{ open: boolean; onOpenChange: Dispatch<SetStateAction<boolean>>; onCreateTask: (taskData: { title: string; description: string; priority: string; due_date: string; goal_id: string; estimated_minutes: number; }) => Promise<...>; goals: { ...; }[]; }' is not assignable to type 'IntrinsicAttributes & VoiceTaskCreatorProps'.
  Property 'open' does not exist on type 'IntrinsicAttributes & VoiceTaskCreatorProps'.
app/help/page.tsx(368,21): error TS2322: Type '"outline" | "default"' is not assignable to type '"outline" | "primary" | "secondary" | "ghost" | "danger" | undefined'.
  Type '"default"' is not assignable to type '"outline" | "primary" | "secondary" | "ghost" | "danger" | undefined'.
app/pricing/accelerator/page.tsx(333,16): error TS2741: Property 'items' is missing in type '{}' but required in type 'FaqSectionProps'.
app/pricing/dominator/page.tsx(426,16): error TS2741: Property 'items' is missing in type '{}' but required in type 'FaqSectionProps'.
app/pricing/launch/page.tsx(425,16): error TS2741: Property 'items' is missing in type '{}' but required in type 'FaqSectionProps'.
app/pricing/page.tsx(239,43): error TS2322: Type '"large"' is not assignable to type '"lg" | "sm" | "md" | undefined'.
app/pricing/page.tsx(314,49): error TS2322: Type '"medium"' is not assignable to type '"lg" | "sm" | "md" | undefined'.
app/pricing/page.tsx(396,41): error TS2322: Type '"large"' is not assignable to type '"lg" | "sm" | "md" | undefined'.
app/pricing/page.tsx(491,43): error TS2322: Type '"large"' is not assignable to type '"lg" | "sm" | "md" | undefined'.
app/signin/page.tsx(133,42): error TS2322: Type '"large"' is not assignable to type '"lg" | "sm" | "md" | undefined'.
app/signup/page.tsx(190,47): error TS2322: Type '"large"' is not assignable to type '"lg" | "sm" | "md" | undefined'.
app/templates/[templateSlug]/page.tsx(24,9): error TS2322: Type 'TemplateSummary | null' is not assignable to type 'TemplateSummary | undefined'.
  Type 'null' is not assignable to type 'TemplateSummary | undefined'.
components/analytics/analytics-dashboard.tsx(43,48): error TS2345: Argument of type 'unknown' is not assignable to parameter of type 'Record<string, unknown> | undefined'.
components/analytics/analytics-dashboard.tsx(304,13): error TS2322: Type '(report: any, format: "csv" | "pdf" | "json") => void' is not assignable to type '(report: CustomReport, format: "pdf" | "excel" | "csv") => void'.
  Types of parameters 'format' and 'format' are incompatible.
    Type '"pdf" | "excel" | "csv"' is not assignable to type '"json" | "pdf" | "csv"'.
      Type '"excel"' is not assignable to type '"json" | "pdf" | "csv"'.
components/mobile/mobile-dashboard-enhanced.tsx(278,11): error TS2322: Type '{ todaysStats: { tasks_completed: number; total_tasks: number; focus_minutes: number; ai_interactions: number; goals_achieved: number; productivity_score: number; }; todaysTasks: { id: string; ... 5 more ...; due_date?: string | undefined; }[]; todaysGoals: { ...; }[]; } | undefined' is not assignable to type '{ todaysStats: { tasks_completed: number; total_tasks: number; focus_minutes: number; ai_interactions: number; goals_achieved: number; productivity_score: number; }; todaysTasks: { id: string; ... 4 more ...; due_date?: string | undefined; }[]; activeGoals: { ...; }[]; recentConversations: { ...; }[]; insights: { .....'.
  Type '{ todaysStats: { tasks_completed: number; total_tasks: number; focus_minutes: number; ai_interactions: number; goals_achieved: number; productivity_score: number; }; todaysTasks: { id: string; ... 5 more ...; due_date?: string | undefined; }[]; todaysGoals: { ...; }[]; }' is missing the following properties from type '{ todaysStats: { tasks_completed: number; total_tasks: number; focus_minutes: number; ai_interactions: number; goals_achieved: number; productivity_score: number; }; todaysTasks: { id: string; ... 4 more ...; due_date?: string | undefined; }[]; activeGoals: { ...; }[]; recentConversations: { ...; }[]; insights: { .....': activeGoals, recentConversations, insights
components/mobile/mobile-dashboard.tsx(254,60): error TS2339: Property 'user' does not exist on type 'DashboardData | { todaysStats: { tasks_completed: number; total_tasks: number; focus_minutes: number; ai_interactions: number; goals_achieved: number; productivity_score: number; }; todaysTasks: { ...; }[]; activeGoals: { ...; }[]; recentConversations: { ...; }[]; insights: { ...; }[]; }'.
  Property 'user' does not exist on type '{ todaysStats: { tasks_completed: number; total_tasks: number; focus_minutes: number; ai_interactions: number; goals_achieved: number; productivity_score: number; }; todaysTasks: { id: string; ... 4 more ...; due_date?: string | undefined; }[]; activeGoals: { ...; }[]; recentConversations: { ...; }[]; insights: { .....'.
components/mobile/mobile-dashboard.tsx(254,106): error TS2339: Property 'user' does not exist on type 'DashboardData | { todaysStats: { tasks_completed: number; total_tasks: number; focus_minutes: number; ai_interactions: number; goals_achieved: number; productivity_score: number; }; todaysTasks: { ...; }[]; activeGoals: { ...; }[]; recentConversations: { ...; }[]; insights: { ...; }[]; }'.
  Property 'user' does not exist on type '{ todaysStats: { tasks_completed: number; total_tasks: number; focus_minutes: number; ai_interactions: number; goals_achieved: number; productivity_score: number; }; todaysTasks: { id: string; ... 4 more ...; due_date?: string | undefined; }[]; activeGoals: { ...; }[]; recentConversations: { ...; }[]; insights: { .....'.
components/mobile/mobile-dashboard.tsx(294,116): error TS2339: Property 'user' does not exist on type 'DashboardData | { todaysStats: { tasks_completed: number; total_tasks: number; focus_minutes: number; ai_interactions: number; goals_achieved: number; productivity_score: number; }; todaysTasks: { ...; }[]; activeGoals: { ...; }[]; recentConversations: { ...; }[]; insights: { ...; }[]; }'.
  Property 'user' does not exist on type '{ todaysStats: { tasks_completed: number; total_tasks: number; focus_minutes: number; ai_interactions: number; goals_achieved: number; productivity_score: number; }; todaysTasks: { id: string; ... 4 more ...; due_date?: string | undefined; }[]; activeGoals: { ...; }[]; recentConversations: { ...; }[]; insights: { .....'.
components/mobile/mobile-dashboard.tsx(299,81): error TS2339: Property 'user' does not exist on type 'DashboardData | { todaysStats: { tasks_completed: number; total_tasks: number; focus_minutes: number; ai_interactions: number; goals_achieved: number; productivity_score: number; }; todaysTasks: { ...; }[]; activeGoals: { ...; }[]; recentConversations: { ...; }[]; insights: { ...; }[]; }'.
  Property 'user' does not exist on type '{ todaysStats: { tasks_completed: number; total_tasks: number; focus_minutes: number; ai_interactions: number; goals_achieved: number; productivity_score: number; }; todaysTasks: { id: string; ... 4 more ...; due_date?: string | undefined; }[]; activeGoals: { ...; }[]; recentConversations: { ...; }[]; insights: { .....'.
components/mobile/mobile-dashboard.tsx(299,147): error TS2339: Property 'user' does not exist on type 'DashboardData | { todaysStats: { tasks_completed: number; total_tasks: number; focus_minutes: number; ai_interactions: number; goals_achieved: number; productivity_score: number; }; todaysTasks: { ...; }[]; activeGoals: { ...; }[]; recentConversations: { ...; }[]; insights: { ...; }[]; }'.
  Property 'user' does not exist on type '{ todaysStats: { tasks_completed: number; total_tasks: number; focus_minutes: number; ai_interactions: number; goals_achieved: number; productivity_score: number; }; todaysTasks: { id: string; ... 4 more ...; due_date?: string | undefined; }[]; activeGoals: { ...; }[]; recentConversations: { ...; }[]; insights: { .....'.
components/mobile/offline-data-manager.tsx(524,26): error TS2339: Property 'addPendingAction' does not exist on type 'OfflineDataManagerProps'.
components/mobile/offline-data-manager.tsx(525,29): error TS2339: Property 'addPendingAction' does not exist on type 'OfflineDataManagerProps'.
components/mobile/offline-data-manager.tsx(530,26): error TS2339: Property 'cacheData' does not exist on type 'OfflineDataManagerProps'.
components/mobile/offline-data-manager.tsx(531,29): error TS2339: Property 'cacheData' does not exist on type 'OfflineDataManagerProps'.
components/mobile/offline-data-manager.tsx(536,26): error TS2339: Property 'getCachedData' does not exist on type 'OfflineDataManagerProps'.
components/mobile/offline-data-manager.tsx(537,36): error TS2339: Property 'getCachedData' does not exist on type 'OfflineDataManagerProps'.
components/mobile/voice-task-creator.tsx(84,33): error TS2304: Cannot find name 'SpeechRecognition'.
components/workflow/visual-workflow-builder.tsx(133,9): error TS2322: Type '({ id: string; name: string; description: string; category: "trigger"; icon: string; color: string; inputs: never[]; outputs: { id: string; name: string; type: "object"; required: true; }[]; configSchema: unknown; execute: () => Promise<...>; } | { ...; } | { ...; } | { ...; } | { ...; })[]' is not assignable to type 'NodeType[]'.
  Type '{ id: string; name: string; description: string; category: "trigger"; icon: string; color: string; inputs: never[]; outputs: { id: string; name: string; type: "object"; required: true; }[]; configSchema: unknown; execute: () => Promise<...>; } | { ...; } | { ...; } | { ...; } | { ...; }' is not assignable to type 'NodeType'.
    Type '{ id: string; name: string; description: string; category: "trigger"; icon: string; color: string; inputs: never[]; outputs: { id: string; name: string; type: "object"; required: true; }[]; configSchema: unknown; execute: () => Promise<...>; }' is not assignable to type 'NodeType'.
      Types of property 'configSchema' are incompatible.
        Type 'unknown' is not assignable to type 'ZodType<any, ZodTypeDef, any>'.
components/workflow/visual-workflow-builder.tsx(401,24): error TS2352: Conversion of type 'MouseEvent' to type 'MouseEvent<HTMLDivElement, MouseEvent>' may be a mistake because neither type sufficiently overlaps with the other. If this was intentional, convert the expression to 'unknown' first.
  Type 'MouseEvent' is missing the following properties from type 'MouseEvent<HTMLDivElement, MouseEvent>': nativeEvent, isDefaultPrevented, isPropagationStopped, persist
lib/agent-meta-fixed.ts(5,18): error TS2307: Cannot find module '../public/agents/roxy/meta.json' or its corresponding type declarations.
lib/agent-meta-fixed.ts(6,19): error TS2307: Cannot find module '../public/agents/blaze/meta.json' or its corresponding type declarations.
lib/agent-meta-fixed.ts(7,18): error TS2307: Cannot find module '../public/agents/echo/meta.json' or its corresponding type declarations.
lib/agent-meta-fixed.ts(8,20): error TS2307: Cannot find module '../public/agents/glitch/meta.json' or its corresponding type declarations.
lib/agent-meta-fixed.ts(9,18): error TS2307: Cannot find module '../public/agents/lumi/meta.json' or its corresponding type declarations.
lib/agent-meta-fixed.ts(10,17): error TS2307: Cannot find module '../public/agents/vex/meta.json' or its corresponding type declarations.
lib/agent-meta-fixed.ts(11,18): error TS2307: Cannot find module '../public/agents/lexi/meta.json' or its corresponding type declarations.
lib/agent-meta-fixed.ts(12,18): error TS2307: Cannot find module '../public/agents/nova/meta.json' or its corresponding type declarations.
lib/api-response.ts(202,22): error TS2304: Cannot find name 'NextRequest'.
lib/api-response.ts(204,26): error TS2304: Cannot find name 'NextRequest'.
lib/auth-server.ts(83,7): error TS2322: Type 'Date | null' is not assignable to type 'Date'.
  Type 'null' is not assignable to type 'Date'.
lib/auth-server.ts(84,7): error TS2322: Type 'Date | null' is not assignable to type 'Date'.
  Type 'null' is not assignable to type 'Date'.
lib/documentParser.ts(197,32): error TS2345: Argument of type 'Buffer<ArrayBuffer>' is not assignable to parameter of type 'Buffer'.
  Type 'Buffer<ArrayBuffer>' is missing the following properties from type 'Buffer': maxByteLength, resizable, resize, detached, and 2 more.
lib/file-storage.ts(26,10): error TS2304: Cannot find name 'neon'.
lib/file-storage.ts(129,24): error TS7006: Parameter 'file' implicitly has an 'any' type.
lib/notification-job-queue.ts(160,19): error TS2339: Property 'rows' does not exist on type 'Record<string, any>[]'.
lib/notification-job-queue.ts(160,28): error TS7006: Parameter 'row' implicitly has an 'any' type.
lib/notification-job-queue.ts(225,24): error TS2339: Property 'rows' does not exist on type 'Record<string, any>[]'.
lib/notification-job-queue.ts(246,19): error TS2339: Property 'rows' does not exist on type 'Record<string, any>[]'.
lib/notification-job-queue.ts(270,12): error TS2339: Property 'rows' does not exist on type 'Record<string, any>[]'.
lib/notification-job-queue.ts(270,25): error TS7006: Parameter 'row' implicitly has an 'any' type.
lib/notification-job-queue.ts(321,38): error TS7006: Parameter 'row' implicitly has an 'any' type.
lib/notification-job-queue.ts(371,33): error TS2339: Property 'rows' does not exist on type 'Record<string, any>[]'.
lib/notification-job-queue.ts(429,28): error TS2322: Type 'undefined' is not assignable to type 'number'.
lib/opportunity-recommendation-system.ts(316,10): error TS2769: No overload matches this call.
  Overload 1 of 2, '(value: { title: string | SQL<unknown> | Placeholder<string, any>; id: string | SQL<unknown> | Placeholder<string, any>; description: string | SQL<unknown> | Placeholder<...>; ... 23 more ...; started_at?: Date | ... 3 more ... | undefined; }): PgInsertBase<...>', gave the following error.
    Type 'string' is not assignable to type 'number | SQL<unknown> | Placeholder<string, any>'.
  Overload 2 of 2, '(values: { title: string | SQL<unknown> | Placeholder<string, any>; id: string | SQL<unknown> | Placeholder<string, any>; description: string | SQL<unknown> | Placeholder<...>; ... 23 more ...; started_at?: Date | ... 3 more ... | undefined; }[]): PgInsertBase<...>', gave the following error.
    Object literal may only specify known properties, and 'id' does not exist in type '{ title: string | SQL<unknown> | Placeholder<string, any>; id: string | SQL<unknown> | Placeholder<string, any>; description: string | SQL<unknown> | Placeholder<...>; ... 23 more ...; started_at?: Date | ... 3 more ... | undefined; }[]'.
lib/opportunity-recommendation-system.ts(415,25): error TS2769: No overload matches this call.
  Overload 1 of 3, '(left: PgColumn<{ name: "competitor_id"; tableName: "competitive_opportunities"; dataType: "number"; columnType: "PgInteger"; data: number; driverParam: string | number; notNull: true; hasDefault: false; ... 6 more ...; generated: undefined; }, {}, {}>, right: number | SQLWrapper): SQL<...>', gave the following error.
    Argument of type 'string' is not assignable to parameter of type 'number | SQLWrapper'.
  Overload 2 of 3, '(left: Aliased<string>, right: string | SQLWrapper): SQL<unknown>', gave the following error.
    Argument of type 'PgColumn<{ name: "competitor_id"; tableName: "competitive_opportunities"; dataType: "number"; columnType: "PgInteger"; data: number; driverParam: string | number; notNull: true; hasDefault: false; ... 6 more ...; generated: undefined; }, {}, {}>' is not assignable to parameter of type 'Aliased<string>'.
      Type 'PgColumn<{ name: "competitor_id"; tableName: "competitive_opportunities"; dataType: "number"; columnType: "PgInteger"; data: number; driverParam: string | number; notNull: true; hasDefault: false; ... 6 more ...; generated: undefined; }, {}, {}>' is missing the following properties from type 'Aliased<string>': sql, fieldAlias
  Overload 3 of 3, '(left: never, right: unknown): SQL<unknown>', gave the following error.
    Argument of type 'PgColumn<{ name: "competitor_id"; tableName: "competitive_opportunities"; dataType: "number"; columnType: "PgInteger"; data: number; driverParam: string | number; notNull: true; hasDefault: false; ... 6 more ...; generated: undefined; }, {}, {}>' is not assignable to parameter of type 'never'.
lib/subscription-utils.ts(29,16): error TS2339: Property 'rows' does not exist on type 'Record<string, any>[]'.
lib/subscription-utils.ts(33,63): error TS2339: Property 'rows' does not exist on type 'Record<string, any>[]'.
lib/unified-briefcase.ts(113,16): error TS2339: Property 'rows' does not exist on type 'Record<string, any>[]'.
lib/unified-briefcase.ts(114,26): error TS2339: Property 'rows' does not exist on type 'Record<string, any>[]'.
lib/unified-briefcase.ts(426,40): error TS7006: Parameter 'row' implicitly has an 'any' type.
lib/unified-briefcase.ts(461,16): error TS2339: Property 'rows' does not exist on type 'Record<string, any>[]'.
lib/unified-briefcase.ts(463,24): error TS2339: Property 'rows' does not exist on type 'Record<string, any>[]'.
lib/unified-briefcase.ts(520,16): error TS2339: Property 'rows' does not exist on type 'Record<string, any>[]'.
lib/unified-briefcase.ts(523,16): error TS2339: Property 'rows' does not exist on type 'Record<string, any>[]'.
lib/unified-briefcase.ts(525,33): error TS2339: Property 'rows' does not exist on type 'Record<string, any>[]'.
lib/usage-tracking.ts(138,9): error TS2367: This comparison appears to be unintentional because the types '2 | 8' and '-1' have no overlap.
lib/usage-tracking.ts(273,20): error TS2367: This comparison appears to be unintentional because the types '2 | 8' and '-1' have no overlap.
lib/web-push-notifications.ts(138,9): error TS2322: Type 'Uint8Array<ArrayBufferLike>' is not assignable to type 'string | BufferSource | null | undefined'.
  Type 'Uint8Array<ArrayBufferLike>' is not assignable to type 'ArrayBufferView<ArrayBuffer>'.
    Types of property 'buffer' are incompatible.
      Type 'ArrayBufferLike' is not assignable to type 'ArrayBuffer'.
        Type 'SharedArrayBuffer' is missing the following properties from type 'ArrayBuffer': resizable, resize, detached, transfer, transferToFixedLength
lib/web-push-notifications.ts(196,9): error TS2353: Object literal may only specify known properties, and 'actions' does not exist in type 'NotificationOptions'.
lib/web-push-notifications.ts(294,11): error TS2322: Type '{ scheduledTime: Date; }[]' is not assignable to type 'ScheduledNotification[]'.
  Type '{ scheduledTime: Date; }' is missing the following properties from type 'ScheduledNotification': id, payload, type
