
> SoloSuccess-ai-platform@0.1.0 typecheck
> cross-env NODE_OPTIONS='--max-old-space-size=4096' tsc --noEmit

app/api/notifications/preferences/route.ts(109,67): error TS2554: Expected 1-2 arguments, but got 3.
app/api/opportunities/[id]/metrics/route.ts(5,10): error TS2724: '"@/lib/opportunity-recommendation-system"' has no exported member named 'opportunityRecommendationSystem'. Did you mean 'OpportunityRecommendationSystem'?
app/api/opportunities/[id]/route.ts(5,10): error TS2724: '"@/lib/opportunity-recommendation-system"' has no exported member named 'opportunityRecommendationSystem'. Did you mean 'OpportunityRecommendationSystem'?
app/api/opportunities/analytics/route.ts(5,10): error TS2724: '"@/lib/opportunity-recommendation-system"' has no exported member named 'opportunityRecommendationSystem'. Did you mean 'OpportunityRecommendationSystem'?
app/api/opportunities/route.ts(5,10): error TS2724: '"@/lib/opportunity-recommendation-system"' has no exported member named 'opportunityRecommendationSystem'. Did you mean 'OpportunityRecommendationSystem'?
app/api/preferences/route.ts(31,5): error TS2322: Type '{} | null' is not assignable to type 'string | null'.
  Type '{}' is not assignable to type 'string'.
app/api/profile/route.ts(27,31): error TS2349: This expression is not callable.
  Type '{}' has no call signatures.
app/api/profile/route.ts(127,31): error TS2349: This expression is not callable.
  Type '{}' has no call signatures.
app/api/stripe/create-checkout-session/route.ts(75,47): error TS2769: No overload matches this call.
  Overload 1 of 2, '(params?: CustomerCreateParams | undefined, options?: RequestOptions | undefined): Promise<Response<Customer>>', gave the following error.
    Type 'string | null' is not assignable to type 'string | undefined'.
      Type 'null' is not assignable to type 'string | undefined'.
  Overload 2 of 2, '(options?: RequestOptions | undefined): Promise<Response<Customer>>', gave the following error.
    Object literal may only specify known properties, and 'email' does not exist in type 'RequestOptions'.
app/api/surveys/exit-intent/route.ts(31,5): error TS2322: Type '{} | null' is not assignable to type 'string | null'.
  Type '{}' is not assignable to type 'string'.
app/api/tasks/route-example.ts(93,15): error TS2345: Argument of type '(() => SQL<unknown>) | (() => boolean) | PgColumn<{ name: "id"; tableName: "tasks"; dataType: "number"; columnType: "PgInteger"; data: number; driverParam: string | number; notNull: true; hasDefault: true; ... 6 more ...; generated: undefined; }, {}, {}> | ... 24 more ... | undefined' is not assignable to parameter of type 'SQLWrapper | AnyColumn'.
  Type 'undefined' is not assignable to type 'SQLWrapper | AnyColumn'.
app/api/tasks/route-example.ts(94,16): error TS2345: Argument of type '(() => SQL<unknown>) | (() => boolean) | PgColumn<{ name: "id"; tableName: "tasks"; dataType: "number"; columnType: "PgInteger"; data: number; driverParam: string | number; notNull: true; hasDefault: true; ... 6 more ...; generated: undefined; }, {}, {}> | ... 24 more ... | undefined' is not assignable to parameter of type 'SQLWrapper | AnyColumn'.
  Type 'undefined' is not assignable to type 'SQLWrapper | AnyColumn'.
app/api/templates/analytics/route.ts(45,36): error TS2349: This expression is not callable.
  Type '{}' has no call signatures.
app/api/templates/analytics/route.ts(119,39): error TS7006: Parameter 'sum' implicitly has an 'any' type.
app/api/templates/analytics/route.ts(119,44): error TS7006: Parameter 'row' implicitly has an 'any' type.
app/api/templates/analytics/route.ts(120,28): error TS7006: Parameter 'row' implicitly has an 'any' type.
app/api/templates/analytics/route.ts(142,39): error TS7006: Parameter 'sum' implicitly has an 'any' type.
app/api/templates/analytics/route.ts(142,44): error TS7006: Parameter 'row' implicitly has an 'any' type.
app/api/templates/analytics/route.ts(143,28): error TS7006: Parameter 'row' implicitly has an 'any' type.
app/api/templates/analytics/route.ts(167,28): error TS7006: Parameter 'row' implicitly has an 'any' type.
app/api/templates/analytics/route.ts(221,53): error TS7006: Parameter 'row' implicitly has an 'any' type.
app/api/templates/generate/route.ts(41,3): error TS1117: An object literal cannot have multiple properties with the same name.
app/api/templates/generate/route.ts(342,14): error TS7053: Element implicitly has an 'any' type because expression of type 'any' can't be used to index type '{ 'sales-script': { script: string; reasoning: string; platform: any; effectiveness_score: number; }[]; 'viral-hook': { hook: string; reasoning: string; platform: any; engagement_score: number; }[]; 'offer-naming': { ...; }[]; }'.
app/api/workflow-templates/route.ts(76,39): error TS2556: A spread argument must either have a tuple type or be passed to a rest parameter.
app/api/workflow-templates/route.ts(85,39): error TS2556: A spread argument must either have a tuple type or be passed to a rest parameter.
app/api/workflows/route.ts(103,32): error TS7006: Parameter 'w' implicitly has an 'any' type.
app/auth/2fa/page.tsx(28,61): error TS2339: Property 'twoFactor' does not exist on type '{ signIn: (email: string, password: string) => Promise<AuthResponse>; signUp: (email: string, password: string, metadata?: { full_name?: string | undefined; username?: string | undefined; date_of_birth?: string | undefined; } | undefined) => Promise<...>; signOut: () => Promise<...>; getSession: () => Promise<...>; ...'.
app/auth/2fa/page.tsx(52,24): error TS2339: Property 'twoFactor' does not exist on type '{ signIn: (email: string, password: string) => Promise<AuthResponse>; signUp: (email: string, password: string, metadata?: { full_name?: string | undefined; username?: string | undefined; date_of_birth?: string | undefined; } | undefined) => Promise<...>; signOut: () => Promise<...>; getSession: () => Promise<...>; ...'.
app/auth/device-approval/page.tsx(94,62): error TS2339: Property 'multiSession' does not exist on type '{ signIn: (email: string, password: string) => Promise<AuthResponse>; signUp: (email: string, password: string, metadata?: { full_name?: string | undefined; username?: string | undefined; date_of_birth?: string | undefined; } | undefined) => Promise<...>; signOut: () => Promise<...>; getSession: () => Promise<...>; ...'.
app/auth/sessions/page.tsx(45,63): error TS2339: Property 'multiSession' does not exist on type '{ signIn: (email: string, password: string) => Promise<AuthResponse>; signUp: (email: string, password: string, metadata?: { full_name?: string | undefined; username?: string | undefined; date_of_birth?: string | undefined; } | undefined) => Promise<...>; signOut: () => Promise<...>; getSession: () => Promise<...>; ...'.
app/auth/sessions/page.tsx(64,55): error TS2339: Property 'multiSession' does not exist on type '{ signIn: (email: string, password: string) => Promise<AuthResponse>; signUp: (email: string, password: string, metadata?: { full_name?: string | undefined; username?: string | undefined; date_of_birth?: string | undefined; } | undefined) => Promise<...>; signOut: () => Promise<...>; getSession: () => Promise<...>; ...'.
app/auth/sessions/page.tsx(82,55): error TS2339: Property 'multiSession' does not exist on type '{ signIn: (email: string, password: string) => Promise<AuthResponse>; signUp: (email: string, password: string, metadata?: { full_name?: string | undefined; username?: string | undefined; date_of_birth?: string | undefined; } | undefined) => Promise<...>; signOut: () => Promise<...>; getSession: () => Promise<...>; ...'.
app/blog/page.tsx(380,19): error TS2322: Type '"outline" | "default"' is not assignable to type '"outline" | "primary" | "secondary" | "ghost" | "danger" | undefined'.
  Type '"default"' is not assignable to type '"outline" | "primary" | "secondary" | "ghost" | "danger" | undefined'.
app/dashboard/billing/page.tsx(357,27): error TS2322: Type '"outline" | "default"' is not assignable to type '"outline" | "primary" | "secondary" | "ghost" | "danger" | undefined'.
  Type '"default"' is not assignable to type '"outline" | "primary" | "secondary" | "ghost" | "danger" | undefined'.
app/dashboard/competitors/page.tsx(130,38): error TS2339: Property 'funding_amount' does not exist on type 'Competitor'.
app/dashboard/competitors/page.tsx(159,38): error TS2339: Property 'funding_amount' does not exist on type 'Competitor'.
app/dashboard/learning/page.tsx(329,35): error TS2322: Type 'Dispatch<SetStateAction<"progress" | "recommendations" | "analytics" | "achievements" | "overview" | "skill-gaps">>' is not assignable to type '(value: string) => void'.
  Types of parameters 'value' and 'value' are incompatible.
    Type 'string' is not assignable to type 'SetStateAction<"progress" | "recommendations" | "analytics" | "achievements" | "overview" | "skill-gaps">'.
app/dashboard/learning/page.tsx(567,65): error TS2322: Type '{ value: number; className: string; indicatorClassName: string; }' is not assignable to type 'IntrinsicAttributes & Omit<ProgressProps & RefAttributes<HTMLDivElement>, "ref"> & RefAttributes<HTMLDivElement>'.
  Property 'indicatorClassName' does not exist on type 'IntrinsicAttributes & Omit<ProgressProps & RefAttributes<HTMLDivElement>, "ref"> & RefAttributes<HTMLDivElement>'.
app/dashboard/learning/page.tsx(647,72): error TS2322: Type '{ value: number; className: string; indicatorClassName: string; }' is not assignable to type 'IntrinsicAttributes & Omit<ProgressProps & RefAttributes<HTMLDivElement>, "ref"> & RefAttributes<HTMLDivElement>'.
  Property 'indicatorClassName' does not exist on type 'IntrinsicAttributes & Omit<ProgressProps & RefAttributes<HTMLDivElement>, "ref"> & RefAttributes<HTMLDivElement>'.
app/dashboard/learning/page.tsx(715,78): error TS2322: Type '{ value: number; className: string; indicatorClassName: string; }' is not assignable to type 'IntrinsicAttributes & Omit<ProgressProps & RefAttributes<HTMLDivElement>, "ref"> & RefAttributes<HTMLDivElement>'.
  Property 'indicatorClassName' does not exist on type 'IntrinsicAttributes & Omit<ProgressProps & RefAttributes<HTMLDivElement>, "ref"> & RefAttributes<HTMLDivElement>'.
app/dashboard/learning/page.tsx(775,78): error TS2322: Type '{ value: number; className: string; indicatorClassName: string; }' is not assignable to type 'IntrinsicAttributes & Omit<ProgressProps & RefAttributes<HTMLDivElement>, "ref"> & RefAttributes<HTMLDivElement>'.
  Property 'indicatorClassName' does not exist on type 'IntrinsicAttributes & Omit<ProgressProps & RefAttributes<HTMLDivElement>, "ref"> & RefAttributes<HTMLDivElement>'.
app/dashboard/learning/page.tsx(840,64): error TS2322: Type '{ value: number; className: string; indicatorClassName: string; }' is not assignable to type 'IntrinsicAttributes & Omit<ProgressProps & RefAttributes<HTMLDivElement>, "ref"> & RefAttributes<HTMLDivElement>'.
  Property 'indicatorClassName' does not exist on type 'IntrinsicAttributes & Omit<ProgressProps & RefAttributes<HTMLDivElement>, "ref"> & RefAttributes<HTMLDivElement>'.
app/dashboard/learning/page.tsx(935,74): error TS2322: Type '{ value: number; className: string; indicatorClassName: string; }' is not assignable to type 'IntrinsicAttributes & Omit<ProgressProps & RefAttributes<HTMLDivElement>, "ref"> & RefAttributes<HTMLDivElement>'.
  Property 'indicatorClassName' does not exist on type 'IntrinsicAttributes & Omit<ProgressProps & RefAttributes<HTMLDivElement>, "ref"> & RefAttributes<HTMLDivElement>'.
app/dashboard/page.tsx(287,41): error TS2322: Type '"large"' is not assignable to type '"lg" | "sm" | "md" | undefined'.
app/dashboard/page.tsx(297,19): error TS2322: Type '{ children: string; variant: "primary"; className: string; icon: Element; }' is not assignable to type 'IntrinsicAttributes & Omit<TacticalButtonProps, "ref"> & RefAttributes<HTMLButtonElement>'.
  Property 'icon' does not exist on type 'IntrinsicAttributes & Omit<TacticalButtonProps, "ref"> & RefAttributes<HTMLButtonElement>'.
app/dashboard/page.tsx(306,19): error TS2322: Type '{ children: string; variant: "secondary"; className: string; icon: Element; }' is not assignable to type 'IntrinsicAttributes & Omit<TacticalButtonProps, "ref"> & RefAttributes<HTMLButtonElement>'.
  Property 'icon' does not exist on type 'IntrinsicAttributes & Omit<TacticalButtonProps, "ref"> & RefAttributes<HTMLButtonElement>'.
app/dashboard/page.tsx(327,29): error TS2339: Property 'avatar' does not exist on type '{ id: string; email: string; full_name: string | null; avatar_url: string | null; subscription_tier: string; level: number; total_points: number; current_streak: number; wellness_score: number; focus_minutes: number; onboarding_completed: boolean; }'.
app/dashboard/page.tsx(340,11): error TS2322: Type '{ id: string; title: string; description: string | null; status: string; priority: string; due_date: string | null; goal: { id: string; title: string; category: string | null; } | null; }[]' is not assignable to type '{ id: string; title: string; description?: string | undefined; status: string; priority: string; estimated_minutes?: number | undefined; due_date?: string | undefined; }[]'.
  Type '{ id: string; title: string; description: string | null; status: string; priority: string; due_date: string | null; goal: { id: string; title: string; category: string | null; } | null; }' is not assignable to type '{ id: string; title: string; description?: string | undefined; status: string; priority: string; estimated_minutes?: number | undefined; due_date?: string | undefined; }'.
    Types of property 'description' are incompatible.
      Type 'string | null' is not assignable to type 'string | undefined'.
        Type 'null' is not assignable to type 'string | undefined'.
app/dashboard/page.tsx(341,29): error TS2339: Property 'todaysGoals' does not exist on type 'DashboardData'.
app/dashboard/page.tsx(513,29): error TS2322: Type '"error" | "success" | "warning"' is not assignable to type '"default" | "danger" | "info" | "success" | "warning" | undefined'.
  Type '"error"' is not assignable to type '"default" | "danger" | "info" | "success" | "warning" | undefined'.
app/dashboard/page.tsx(531,25): error TS2322: Type '{ children: string; variant: "primary"; size: "sm"; icon: Element; }' is not assignable to type 'IntrinsicAttributes & Omit<TacticalButtonProps, "ref"> & RefAttributes<HTMLButtonElement>'.
  Property 'icon' does not exist on type 'IntrinsicAttributes & Omit<TacticalButtonProps, "ref"> & RefAttributes<HTMLButtonElement>'.
app/dashboard/page.tsx(593,25): error TS2322: Type '{ children: string; variant: "primary"; size: "sm"; icon: Element; }' is not assignable to type 'IntrinsicAttributes & Omit<TacticalButtonProps, "ref"> & RefAttributes<HTMLButtonElement>'.
  Property 'icon' does not exist on type 'IntrinsicAttributes & Omit<TacticalButtonProps, "ref"> & RefAttributes<HTMLButtonElement>'.
app/dashboard/page.tsx(751,27): error TS2322: Type '"secondary" | "info" | "success"' is not assignable to type '"default" | "danger" | "info" | "success" | "warning" | undefined'.
  Type '"secondary"' is not assignable to type '"default" | "danger" | "info" | "success" | "warning" | undefined'.
app/dashboard/page.tsx(771,25): error TS2322: Type '{ children: string; variant: "primary"; size: "sm"; icon: Element; }' is not assignable to type 'IntrinsicAttributes & Omit<TacticalButtonProps, "ref"> & RefAttributes<HTMLButtonElement>'.
  Property 'icon' does not exist on type 'IntrinsicAttributes & Omit<TacticalButtonProps, "ref"> & RefAttributes<HTMLButtonElement>'.
app/dashboard/settings/page.tsx(453,29): error TS2322: Type 'string | boolean' is not assignable to type 'boolean | undefined'.
  Type 'string' is not assignable to type 'boolean | undefined'.
app/dashboard/slaylist/page.tsx(693,9): error TS2322: Type '{ open: boolean; onOpenChange: Dispatch<SetStateAction<boolean>>; onCreateTask: (taskData: { title: string; description: string; priority: string; due_date: string; goal_id: string; estimated_minutes: number; }) => Promise<...>; goals: { ...; }[]; }' is not assignable to type 'IntrinsicAttributes & VoiceTaskCreatorProps'.
  Property 'open' does not exist on type 'IntrinsicAttributes & VoiceTaskCreatorProps'.
app/help/page.tsx(368,21): error TS2322: Type '"outline" | "default"' is not assignable to type '"outline" | "primary" | "secondary" | "ghost" | "danger" | undefined'.
  Type '"default"' is not assignable to type '"outline" | "primary" | "secondary" | "ghost" | "danger" | undefined'.
app/pricing/accelerator/page.tsx(333,16): error TS2741: Property 'items' is missing in type '{}' but required in type 'FaqSectionProps'.
app/pricing/dominator/page.tsx(426,16): error TS2741: Property 'items' is missing in type '{}' but required in type 'FaqSectionProps'.
app/pricing/launch/page.tsx(425,16): error TS2741: Property 'items' is missing in type '{}' but required in type 'FaqSectionProps'.
app/pricing/page.tsx(239,43): error TS2322: Type '"large"' is not assignable to type '"lg" | "sm" | "md" | undefined'.
app/pricing/page.tsx(314,49): error TS2322: Type '"medium"' is not assignable to type '"lg" | "sm" | "md" | undefined'.
app/pricing/page.tsx(396,41): error TS2322: Type '"large"' is not assignable to type '"lg" | "sm" | "md" | undefined'.
app/pricing/page.tsx(491,43): error TS2322: Type '"large"' is not assignable to type '"lg" | "sm" | "md" | undefined'.
app/signin/page.tsx(133,42): error TS2322: Type '"large"' is not assignable to type '"lg" | "sm" | "md" | undefined'.
app/signup/page.tsx(190,47): error TS2322: Type '"large"' is not assignable to type '"lg" | "sm" | "md" | undefined'.
app/templates/[templateSlug]/page.tsx(24,9): error TS2322: Type 'TemplateSummary | null' is not assignable to type 'TemplateSummary | undefined'.
  Type 'null' is not assignable to type 'TemplateSummary | undefined'.
components/analytics/analytics-dashboard.tsx(43,48): error TS2345: Argument of type 'unknown' is not assignable to parameter of type 'Record<string, unknown> | undefined'.
components/analytics/analytics-dashboard.tsx(304,13): error TS2322: Type '(report: any, format: "csv" | "pdf" | "json") => void' is not assignable to type '(report: CustomReport, format: "pdf" | "excel" | "csv") => void'.
  Types of parameters 'format' and 'format' are incompatible.
    Type '"pdf" | "excel" | "csv"' is not assignable to type '"json" | "pdf" | "csv"'.
      Type '"excel"' is not assignable to type '"json" | "pdf" | "csv"'.
components/mobile/mobile-dashboard-enhanced.tsx(278,11): error TS2322: Type '{ todaysStats: { tasks_completed: number; total_tasks: number; focus_minutes: number; ai_interactions: number; goals_achieved: number; productivity_score: number; }; todaysTasks: { id: string; ... 5 more ...; due_date?: string | undefined; }[]; todaysGoals: { ...; }[]; } | undefined' is not assignable to type '{ todaysStats: { tasks_completed: number; total_tasks: number; focus_minutes: number; ai_interactions: number; goals_achieved: number; productivity_score: number; }; todaysTasks: { id: string; ... 4 more ...; due_date?: string | undefined; }[]; activeGoals: { ...; }[]; recentConversations: { ...; }[]; insights: { .....'.
  Type '{ todaysStats: { tasks_completed: number; total_tasks: number; focus_minutes: number; ai_interactions: number; goals_achieved: number; productivity_score: number; }; todaysTasks: { id: string; ... 5 more ...; due_date?: string | undefined; }[]; todaysGoals: { ...; }[]; }' is missing the following properties from type '{ todaysStats: { tasks_completed: number; total_tasks: number; focus_minutes: number; ai_interactions: number; goals_achieved: number; productivity_score: number; }; todaysTasks: { id: string; ... 4 more ...; due_date?: string | undefined; }[]; activeGoals: { ...; }[]; recentConversations: { ...; }[]; insights: { .....': activeGoals, recentConversations, insights
components/mobile/mobile-dashboard.tsx(254,60): error TS2339: Property 'user' does not exist on type 'DashboardData | { todaysStats: { tasks_completed: number; total_tasks: number; focus_minutes: number; ai_interactions: number; goals_achieved: number; productivity_score: number; }; todaysTasks: { ...; }[]; activeGoals: { ...; }[]; recentConversations: { ...; }[]; insights: { ...; }[]; }'.
  Property 'user' does not exist on type '{ todaysStats: { tasks_completed: number; total_tasks: number; focus_minutes: number; ai_interactions: number; goals_achieved: number; productivity_score: number; }; todaysTasks: { id: string; ... 4 more ...; due_date?: string | undefined; }[]; activeGoals: { ...; }[]; recentConversations: { ...; }[]; insights: { .....'.
components/mobile/mobile-dashboard.tsx(254,106): error TS2339: Property 'user' does not exist on type 'DashboardData | { todaysStats: { tasks_completed: number; total_tasks: number; focus_minutes: number; ai_interactions: number; goals_achieved: number; productivity_score: number; }; todaysTasks: { ...; }[]; activeGoals: { ...; }[]; recentConversations: { ...; }[]; insights: { ...; }[]; }'.
  Property 'user' does not exist on type '{ todaysStats: { tasks_completed: number; total_tasks: number; focus_minutes: number; ai_interactions: number; goals_achieved: number; productivity_score: number; }; todaysTasks: { id: string; ... 4 more ...; due_date?: string | undefined; }[]; activeGoals: { ...; }[]; recentConversations: { ...; }[]; insights: { .....'.
components/mobile/mobile-dashboard.tsx(294,116): error TS2339: Property 'user' does not exist on type 'DashboardData | { todaysStats: { tasks_completed: number; total_tasks: number; focus_minutes: number; ai_interactions: number; goals_achieved: number; productivity_score: number; }; todaysTasks: { ...; }[]; activeGoals: { ...; }[]; recentConversations: { ...; }[]; insights: { ...; }[]; }'.
  Property 'user' does not exist on type '{ todaysStats: { tasks_completed: number; total_tasks: number; focus_minutes: number; ai_interactions: number; goals_achieved: number; productivity_score: number; }; todaysTasks: { id: string; ... 4 more ...; due_date?: string | undefined; }[]; activeGoals: { ...; }[]; recentConversations: { ...; }[]; insights: { .....'.
components/mobile/mobile-dashboard.tsx(299,81): error TS2339: Property 'user' does not exist on type 'DashboardData | { todaysStats: { tasks_completed: number; total_tasks: number; focus_minutes: number; ai_interactions: number; goals_achieved: number; productivity_score: number; }; todaysTasks: { ...; }[]; activeGoals: { ...; }[]; recentConversations: { ...; }[]; insights: { ...; }[]; }'.
  Property 'user' does not exist on type '{ todaysStats: { tasks_completed: number; total_tasks: number; focus_minutes: number; ai_interactions: number; goals_achieved: number; productivity_score: number; }; todaysTasks: { id: string; ... 4 more ...; due_date?: string | undefined; }[]; activeGoals: { ...; }[]; recentConversations: { ...; }[]; insights: { .....'.
components/mobile/mobile-dashboard.tsx(299,147): error TS2339: Property 'user' does not exist on type 'DashboardData | { todaysStats: { tasks_completed: number; total_tasks: number; focus_minutes: number; ai_interactions: number; goals_achieved: number; productivity_score: number; }; todaysTasks: { ...; }[]; activeGoals: { ...; }[]; recentConversations: { ...; }[]; insights: { ...; }[]; }'.
  Property 'user' does not exist on type '{ todaysStats: { tasks_completed: number; total_tasks: number; focus_minutes: number; ai_interactions: number; goals_achieved: number; productivity_score: number; }; todaysTasks: { id: string; ... 4 more ...; due_date?: string | undefined; }[]; activeGoals: { ...; }[]; recentConversations: { ...; }[]; insights: { .....'.
components/mobile/offline-data-manager.tsx(524,26): error TS2339: Property 'addPendingAction' does not exist on type 'OfflineDataManagerProps'.
components/mobile/offline-data-manager.tsx(525,29): error TS2339: Property 'addPendingAction' does not exist on type 'OfflineDataManagerProps'.
components/mobile/offline-data-manager.tsx(530,26): error TS2339: Property 'cacheData' does not exist on type 'OfflineDataManagerProps'.
components/mobile/offline-data-manager.tsx(531,29): error TS2339: Property 'cacheData' does not exist on type 'OfflineDataManagerProps'.
components/mobile/offline-data-manager.tsx(536,26): error TS2339: Property 'getCachedData' does not exist on type 'OfflineDataManagerProps'.
components/mobile/offline-data-manager.tsx(537,36): error TS2339: Property 'getCachedData' does not exist on type 'OfflineDataManagerProps'.
components/mobile/voice-task-creator.tsx(84,33): error TS2304: Cannot find name 'SpeechRecognition'.
components/workflow/visual-workflow-builder.tsx(133,9): error TS2322: Type '({ id: string; name: string; description: string; category: "trigger"; icon: string; color: string; inputs: never[]; outputs: { id: string; name: string; type: "object"; required: true; }[]; configSchema: unknown; execute: () => Promise<...>; } | { ...; } | { ...; } | { ...; } | { ...; })[]' is not assignable to type 'NodeType[]'.
  Type '{ id: string; name: string; description: string; category: "trigger"; icon: string; color: string; inputs: never[]; outputs: { id: string; name: string; type: "object"; required: true; }[]; configSchema: unknown; execute: () => Promise<...>; } | { ...; } | { ...; } | { ...; } | { ...; }' is not assignable to type 'NodeType'.
    Type '{ id: string; name: string; description: string; category: "trigger"; icon: string; color: string; inputs: never[]; outputs: { id: string; name: string; type: "object"; required: true; }[]; configSchema: unknown; execute: () => Promise<...>; }' is not assignable to type 'NodeType'.
      Types of property 'configSchema' are incompatible.
        Type 'unknown' is not assignable to type 'ZodType<any, ZodTypeDef, any>'.
components/workflow/visual-workflow-builder.tsx(401,24): error TS2352: Conversion of type 'MouseEvent' to type 'MouseEvent<HTMLDivElement, MouseEvent>' may be a mistake because neither type sufficiently overlaps with the other. If this was intentional, convert the expression to 'unknown' first.
  Type 'MouseEvent' is missing the following properties from type 'MouseEvent<HTMLDivElement, MouseEvent>': nativeEvent, isDefaultPrevented, isPropagationStopped, persist
lib/opportunity-recommendation-system.ts(197,46): error TS2551: Property 'generatePartnershipRecommendations' does not exist on type 'OpportunityRecommendationSystem'. Did you mean 'generateRecommendations'?
lib/opportunity-recommendation-system.ts(200,46): error TS2551: Property 'generateGenericRecommendations' does not exist on type 'OpportunityRecommendationSystem'. Did you mean 'generateRecommendations'?
lib/opportunity-recommendation-system.ts(769,9): error TS1117: An object literal cannot have multiple properties with the same name.
